12-1-2024 08:53:34 - log: Load engine in /Applications/Cocos/Creator/3.8.1/CocosCreator.app/Contents/Resources/resources/3d/engine
12-1-2024 08:53:34 - log: Profile changed: engine (modules.includeModules: 2d,animation,audio,base,gfx-webgl,gfx-webgl2,intersection-2d,particle-2d,physics-2d-box2d,profiler,tiled-map,tween,ui,video,webview)
12-1-2024 08:53:34 - log: Register native engine in /Applications/Cocos/Creator/3.8.1/CocosCreator.app/Contents/Resources/resources/3d/engine/native
12-1-2024 10:01:26 - error: [Scene] {hidden(::SceneExecutorImportExceptionHandler::)} Error: SyntaxError: /file:/Users/fe-tu/Desktop/Personal/2048-kakalak/assets/scripts/GameManager.ts: Unexpected token (91:68)

  89 |
  90 |                 let nextRow = row;
> 91 |                 while (this.tableData[col][nextRow + 1] === null || ) {
     |                                                                     ^
  92 |                     nextRow++;
  93 |                 }
  94 |
    at Object.execute (file:///Users/fe-tu/Desktop/Personal/2048-kakalak/temp/programming/packer-driver/targets/editor/chunks/7c/data:text/javascript,%0A%2F%2F%20This%20module%20is%20auto-generated%20to%20report%20error%20emitted%20when%20try%20to%20load%20module%20file%3A%2F%2F%2FUsers%2Ffe-tu%2FDesktop%2FPersonal%2F2048-kakalak%2Fassets%2Fscripts%2FGameManager.ts%20at%20runtime.%0Athrow%20new%20Error(%60SyntaxError%3A%20%2Ffile%3A%2FUsers%2Ffe-tu%2FDesktop%2FPersonal%2F2048-kakalak%2Fassets%2Fscripts%2FGameManager.ts%3A%20Unexpected%20token%20(91%3A68)%0A%0A%20%2089%20%7C%0A%20%2090%20%7C%20%20%20%20%20%20%20%20%20%20%20%20%20%20%20%20%20let%20nextRow%20%3D%20row%3B%0A%3E%2091%20%7C%20%20%20%20%20%20%20%20%20%20%20%20%20%20%20%20%20while%20(this.tableData%5Bcol%5D%5BnextRow%20%2B%201%5D%20%3D%3D%3D%20null%20%7C%7C%20)%20%7B%0A%20%20%20%20%20%7C%20%20%20%20%20%20%20%20%20%20%20%20%20%20%20%20%20%20%20%20%20%20%20%20%20%20%20%20%20%20%20%20%20%20%20%20%20%20%20%20%20%20%20%20%20%20%20%20%20%20%20%20%20%20%20%20%20%20%20%20%20%20%20%20%20%20%20%20%20%5E%0A%20%2092%20%7C%20%20%20%20%20%20%20%20%20%20%20%20%20%20%20%20%20%20%20%20%20nextRow%2B%2B%3B%0A%20%2093%20%7C%20%20%20%20%20%20%20%20%20%20%20%20%20%20%20%20%20%7D%0A%20%2094%20%7C%60)%3B%0A%20%20%20%20%20%20%20%20:3:7)
    at doExec (/Applications/Cocos/Creator/3.8.1/CocosCreator.app/Contents/Resources/app.asar/node_modules/@editor/lib-programming/static/executor/systemjs-bridge/out/index.js:517:30)
    at postOrderExec (/Applications/Cocos/Creator/3.8.1/CocosCreator.app/Contents/Resources/app.asar/node_modules/@editor/lib-programming/static/executor/systemjs-bridge/out/index.js:508:21)
    at /Applications/Cocos/Creator/3.8.1/CocosCreator.app/Contents/Resources/app.asar/node_modules/@editor/lib-programming/static/executor/systemjs-bridge/out/index.js:440:12
    at file:///Users/fe-tu/Desktop/Personal/2048-kakalak/temp/programming/packer-driver/targets/editor/chunks/6d/cce:/internal/x/prerequisite-imports:8:13
    at Object.execute (file:///Users/fe-tu/Desktop/Personal/2048-kakalak/temp/programming/packer-driver/targets/editor/chunks/6d/cce:/internal/x/prerequisite-imports:4:1)
    at Executor._importPrerequisiteModules (/Applications/Cocos/Creator/3.8.1/CocosCreator.app/Contents/Resources/app.asar/node_modules/@editor/lib-programming/src/executor/index.ts:311:13)
    at Executor.reload (/Applications/Cocos/Creator/3.8.1/CocosCreator.app/Contents/Resources/app.asar/node_modules/@editor/lib-programming/src/executor/index.ts:194:13)
    at GlobalEnv.record (/Applications/Cocos/Creator/3.8.1/CocosCreator.app/Contents/Resources/app.asar/builtin/scene/dist/script/3d/manager/scripts.ccc:1:1876)Error: [Scene] {hidden(::SceneExecutorImportExceptionHandler::)} Error: SyntaxError: /file:/Users/fe-tu/Desktop/Personal/2048-kakalak/assets/scripts/GameManager.ts: Unexpected token (91:68)

  89 |
  90 |                 let nextRow = row;
> 91 |                 while (this.tableData[col][nextRow + 1] === null || ) {
  94 |
    at Object.execute (file:///Users/fe-tu/Desktop/Personal/2048-kakalak/temp/programming/packer-driver/targets/editor/chunks/7c/data:text/javascript,%0A%2F%2F%20This%20module%20is%20auto-generated%20to%20report%20error%20emitted%20when%20try%20to%20load%20module%20file%3A%2F%2F%2FUsers%2Ffe-tu%2FDesktop%2FPersonal%2F2048-kakalak%2Fassets%2Fscripts%2FGameManager.ts%20at%20runtime.%0Athrow%20new%20Error(%60SyntaxError%3A%20%2Ffile%3A%2FUsers%2Ffe-tu%2FDesktop%2FPersonal%2F2048-kakalak%2Fassets%2Fscripts%2FGameManager.ts%3A%20Unexpected%20token%20(91%3A68)%0A%0A%20%2089%20%7C%0A%20%2090%20%7C%20%20%20%20%20%20%20%20%20%20%20%20%20%20%20%20%20let%20nextRow%20%3D%20row%3B%0A%3E%2091%20%7C%20%20%20%20%20%20%20%20%20%20%20%20%20%20%20%20%20while%20(this.tableData%5Bcol%5D%5BnextRow%20%2B%201%5D%20%3D%3D%3D%20null%20%7C%7C%20)%20%7B%0A%20%20%20%20%20%7C%20%20%20%20%20%20%20%20%20%20%20%20%20%20%20%20%20%20%20%20%20%20%20%20%20%20%20%20%20%20%20%20%20%20%20%20%20%20%20%20%20%20%20%20%20%20%20%20%20%20%20%20%20%20%20%20%20%20%20%20%20%20%20%20%20%20%20%20%20%5E%0A%20%2092%20%7C%20%20%20%20%20%20%20%20%20%20%20%20%20%20%20%20%20%20%20%20%20nextRow%2B%2B%3B%0A%20%2093%20%7C%20%20%20%20%20%20%20%20%20%20%20%20%20%20%20%20%20%7D%0A%20%2094%20%7C%60)%3B%0A%20%20%20%20%20%20%20%20:3:7)
    at doExec (/Applications/Cocos/Creator/3.8.1/CocosCreator.app/Contents/Resources/app.asar/node_modules/@editor/lib-programming/static/executor/systemjs-bridge/out/index.js:517:30)
    at postOrderExec (/Applications/Cocos/Creator/3.8.1/CocosCreator.app/Contents/Resources/app.asar/node_modules/@editor/lib-programming/static/executor/systemjs-bridge/out/index.js:508:21)
    at /Applications/Cocos/Creator/3.8.1/CocosCreator.app/Contents/Resources/app.asar/node_modules/@editor/lib-programming/static/executor/systemjs-bridge/out/index.js:440:12
    at file:///Users/fe-tu/Desktop/Personal/2048-kakalak/temp/programming/packer-driver/targets/editor/chunks/6d/cce:/internal/x/prerequisite-imports:8:13
    at Object.execute (file:///Users/fe-tu/Desktop/Personal/2048-kakalak/temp/programming/packer-driver/targets/editor/chunks/6d/cce:/internal/x/prerequisite-imports:4:1)
    at Executor._importPrerequisiteModules (/Applications/Cocos/Creator/3.8.1/CocosCreator.app/Contents/Resources/app.asar/node_modules/@editor/lib-programming/src/executor/index.ts:311:13)
    at Executor.reload (/Applications/Cocos/Creator/3.8.1/CocosCreator.app/Contents/Resources/app.asar/node_modules/@editor/lib-programming/src/executor/index.ts:194:13)
    at GlobalEnv.record (/Applications/Cocos/Creator/3.8.1/CocosCreator.app/Contents/Resources/app.asar/builtin/scene/dist/script/3d/manager/scripts.ccc:1:1876)
    at Logger._logHandler (/Applications/Cocos/Creator/3.8.1/CocosCreator.app/Contents/Resources/app.asar/builtin/scene/dist/script/3d/manager/startup/log.ccc:1:492)
    at Logger.record (/Applications/Cocos/Creator/3.8.1/CocosCreator.app/Contents/Resources/app.asar/node_modules/@base/electron-logger/lib/renderer.ccc:1:458)
    at console.error (/Applications/Cocos/Creator/3.8.1/CocosCreator.app/Contents/Resources/app.asar/node_modules/@base/electron-logger/lib/renderer.ccc:1:1414)
    at ScriptManager._handleImportException (/Applications/Cocos/Creator/3.8.1/CocosCreator.app/Contents/Resources/app.asar/builtin/scene/dist/script/3d/manager/scripts.ccc:1:5391)
    at Executor.importExceptionHandler [as _importExceptionHandler] (/Applications/Cocos/Creator/3.8.1/CocosCreator.app/Contents/Resources/app.asar/builtin/scene/dist/script/3d/manager/scripts.ccc:1:3485)
    at Executor._onModuleLoaded (/Applications/Cocos/Creator/3.8.1/CocosCreator.app/Contents/Resources/app.asar/node_modules/@editor/lib-programming/src/executor/index.ts:359:22)
    at SystemJS.onload (/Applications/Cocos/Creator/3.8.1/CocosCreator.app/Contents/Resources/app.asar/node_modules/@editor/lib-programming/src/executor/index.ts:87:18)
    at triggerOnload (/Applications/Cocos/Creator/3.8.1/CocosCreator.app/Contents/Resources/app.asar/node_modules/@editor/lib-programming/static/executor/systemjs-bridge/out/index.js:270:10)
    at doExec (/Applications/Cocos/Creator/3.8.1/CocosCreator.app/Contents/Resources/app.asar/node_modules/@editor/lib-programming/static/executor/systemjs-bridge/out/index.js:538:7)
    at postOrderExec (/Applications/Cocos/Creator/3.8.1/CocosCreator.app/Contents/Resources/app.asar/node_modules/@editor/lib-programming/static/executor/systemjs-bridge/out/index.js:508:21)
12-1-2024 10:01:26 - warn: [Scene] Missing class: 32b6ecKNlxNiKiDHNCAOUQeError: [Scene] Missing class: 32b6ecKNlxNiKiDHNCAOUQe
    at Object.classFinder (/Applications/Cocos/Creator/3.8.1/CocosCreator.app/Contents/Resources/app.asar/builtin/engine/dist/editor-extends/missing-reporter/missing-class-reporter.ccc:1:2381)
    at _Deserializer.classFinder [as _classFinder] (/Applications/Cocos/Creator/3.8.1/CocosCreator.app/Contents/Resources/resources/3d/engine/bin/.cache/dev/editor/bundled/index.js:150692:34)
    at _Deserializer._deserializeTypeTaggedObject (/Applications/Cocos/Creator/3.8.1/CocosCreator.app/Contents/Resources/resources/3d/engine/bin/.cache/dev/editor/bundled/index.js:47825:30)
    at _Deserializer._deserializeObject (/Applications/Cocos/Creator/3.8.1/CocosCreator.app/Contents/Resources/resources/3d/engine/bin/.cache/dev/editor/bundled/index.js:47766:29)
    at _Deserializer._deserializeAndAssignField (/Applications/Cocos/Creator/3.8.1/CocosCreator.app/Contents/Resources/resources/3d/engine/bin/.cache/dev/editor/bundled/index.js:47977:38)
    at _Deserializer._deserializeArray (/Applications/Cocos/Creator/3.8.1/CocosCreator.app/Contents/Resources/resources/3d/engine/bin/.cache/dev/editor/bundled/index.js:47800:40)
    at _Deserializer._deserializeObject (/Applications/Cocos/Creator/3.8.1/CocosCreator.app/Contents/Resources/resources/3d/engine/bin/.cache/dev/editor/bundled/index.js:47772:29)
12-1-2024 10:01:26 - error: [Scene] Script "32b6ecKNlxNiKiDHNCAOUQe" attached to "GameManager" is missing or invalid. Detailed information:
Node path: "Canvas/GameManager"
Script UUID: "32b6e70a-365c-4d88-a883-1cd08039441e"
Class ID: "32b6ecKNlxNiKiDHNCAOUQe"
Error: [Scene] Script "32b6ecKNlxNiKiDHNCAOUQe" attached to "GameManager" is missing or invalid. Detailed information:
Node path: "Canvas/GameManager"
Script UUID: "32b6e70a-365c-4d88-a883-1cd08039441e"
Class ID: "32b6ecKNlxNiKiDHNCAOUQe"

    at report (/Applications/Cocos/Creator/3.8.1/CocosCreator.app/Contents/Resources/app.asar/builtin/engine/dist/editor-extends/missing-reporter/missing-class-reporter.ccc:1:1393)
    at reportByWalker (/Applications/Cocos/Creator/3.8.1/CocosCreator.app/Contents/Resources/app.asar/builtin/engine/dist/editor-extends/missing-reporter/missing-class-reporter.ccc:1:1606)
12-1-2024 10:01:27 - warn: [Assets] SyntaxError: /file:/Users/fe-tu/Desktop/Personal/2048-kakalak/assets/scripts/GameManager.ts: Unexpected token (91:68)

  89 |
  90 |                 let nextRow = row;
> 91 |                 while (this.tableData[col][nextRow + 1] === null || ) {
     |                                                                     ^
  92 |                     nextRow++;
  93 |                 }
  94 |Error: SyntaxError: /file:/Users/fe-tu/Desktop/Personal/2048-kakalak/assets/scripts/GameManager.ts: Unexpected token (91:68)

  89 |
  90 |                 let nextRow = row;
> 91 |                 while (this.tableData[col][nextRow + 1] === null || ) {
     |                                                                     ^
  92 |                     nextRow++;
  93 |                 }
  94 |
    at Object.execute (file:///Users/fe-tu/Desktop/Personal/2048-kakalak/temp/programming/packer-driver/targets/editor/chunks/7c/data:text/javascript,%0A%2F%2F%20This%20module%20is%20auto-generated%20to%20report%20error%20emitted%20when%20try%20to%20load%20module%20file%3A%2F%2F%2FUsers%2Ffe-tu%2FDesktop%2FPersonal%2F2048-kakalak%2Fassets%2Fscripts%2FGameManager.ts%20at%20runtime.%0Athrow%20new%20Error(%60SyntaxError%3A%20%2Ffile%3A%2FUsers%2Ffe-tu%2FDesktop%2FPersonal%2F2048-kakalak%2Fassets%2Fscripts%2FGameManager.ts%3A%20Unexpected%20token%20(91%3A68)%0A%0A%20%2089%20%7C%0A%20%2090%20%7C%20%20%20%20%20%20%20%20%20%20%20%20%20%20%20%20%20let%20nextRow%20%3D%20row%3B%0A%3E%2091%20%7C%20%20%20%20%20%20%20%20%20%20%20%20%20%20%20%20%20while%20(this.tableData%5Bcol%5D%5BnextRow%20%2B%201%5D%20%3D%3D%3D%20null%20%7C%7C%20)%20%7B%0A%20%20%20%20%20%7C%20%20%20%20%20%20%20%20%20%20%20%20%20%20%20%20%20%20%20%20%20%20%20%20%20%20%20%20%20%20%20%20%20%20%20%20%20%20%20%20%20%20%20%20%20%20%20%20%20%20%20%20%20%20%20%20%20%20%20%20%20%20%20%20%20%20%20%20%20%5E%0A%20%2092%20%7C%20%20%20%20%20%20%20%20%20%20%20%20%20%20%20%20%20%20%20%20%20nextRow%2B%2B%3B%0A%20%2093%20%7C%20%20%20%20%20%20%20%20%20%20%20%20%20%20%20%20%20%7D%0A%20%2094%20%7C%60)%3B%0A%20%20%20%20%20%20%20%20:3:7)
    at doExec (/Applications/Cocos/Creator/3.8.1/CocosCreator.app/Contents/Resources/app.asar/node_modules/@editor/lib-programming/static/executor/systemjs-bridge/out/index.js:517:30)
    at postOrderExec (/Applications/Cocos/Creator/3.8.1/CocosCreator.app/Contents/Resources/app.asar/node_modules/@editor/lib-programming/static/executor/systemjs-bridge/out/index.js:508:21)
    at /Applications/Cocos/Creator/3.8.1/CocosCreator.app/Contents/Resources/app.asar/node_modules/@editor/lib-programming/static/executor/systemjs-bridge/out/index.js:440:12
    at file:///Users/fe-tu/Desktop/Personal/2048-kakalak/temp/programming/packer-driver/targets/editor/chunks/6d/cce:/internal/x/prerequisite-imports:8:13
    at Object.execute (file:///Users/fe-tu/Desktop/Personal/2048-kakalak/temp/programming/packer-driver/targets/editor/chunks/6d/cce:/internal/x/prerequisite-imports:4:1)
    at Executor._importPrerequisiteModules (/Applications/Cocos/Creator/3.8.1/CocosCreator.app/Contents/Resources/app.asar/node_modules/@editor/lib-programming/src/executor/index.ts:311:13)
    at Executor.reload (/Applications/Cocos/Creator/3.8.1/CocosCreator.app/Contents/Resources/app.asar/node_modules/@editor/lib-programming/src/executor/index.ts:194:13)
    at /Applications/Cocos/Creator/3.8.1/CocosCreator.app/Contents/Resources/app.asar/builtin/builder/dist/worker/builder/asset-handler/script/load-script.ccc:1:2468
    at GlobalEnv.record (/Applications/Cocos/Creator/3.8.1/CocosCreator.app/Contents/Resources/app.asar/builtin/builder/dist/worker/builder/asset-handler/script/load-script.ccc:1:1138)
12-1-2024 10:01:27 - warn: [Assets] Missing class: 32b6ecKNlxNiKiDHNCAOUQe[Assets] Missing class: 32b6ecKNlxNiKiDHNCAOUQe  
at Object.warn (/Applications/Cocos/Creator/3.8.1/CocosCreator.app/Contents/Resources/app.asar/builtin/asset-db/dist/worker/console.ccc:1:1530)  
at _Deserializer.classFinder [as _classFinder] (/Applications/Cocos/Creator/3.8.1/CocosCreator.app/Contents/Resources/app.asar/builtin/engine/dist/editor-extends/missing-reporter/missing-class-reporter.ccc:1:2381)  
at _Deserializer._deserializeTypeTaggedObject (/Applications/Cocos/Creator/3.8.1/CocosCreator.app/Contents/Resources/resources/3d/engine/bin/.cache/dev/editor/bundled/index.js:47825:30)  
at _Deserializer._deserializeObject (/Applications/Cocos/Creator/3.8.1/CocosCreator.app/Contents/Resources/resources/3d/engine/bin/.cache/dev/editor/bundled/index.js:47766:29)  
at _Deserializer._deserializeAndAssignField (/Applications/Cocos/Creator/3.8.1/CocosCreator.app/Contents/Resources/resources/3d/engine/bin/.cache/dev/editor/bundled/index.js:47977:38)  
at _Deserializer._deserializeArray (/Applications/Cocos/Creator/3.8.1/CocosCreator.app/Contents/Resources/resources/3d/engine/bin/.cache/dev/editor/bundled/index.js:47800:40)
12-1-2024 10:01:27 - error: [Assets] Script "32b6ecKNlxNiKiDHNCAOUQe" attached to "GameManager" is missing or invalid. Detailed information:
Node path: "Canvas/GameManager"
Script UUID: "32b6e70a-365c-4d88-a883-1cd08039441e"
Class ID: "32b6ecKNlxNiKiDHNCAOUQe"
[Assets] Script "32b6ecKNlxNiKiDHNCAOUQe" attached to "GameManager" is missing or invalid. Detailed information:
Node path: "Canvas/GameManager"
Script UUID: "32b6e70a-365c-4d88-a883-1cd08039441e"
Class ID: "32b6ecKNlxNiKiDHNCAOUQe"
  
at Object.encode (/Applications/Cocos/Creator/3.8.1/CocosCreator.app/Contents/Resources/app.asar/node_modules/@base/electron-worker/node_modules/v-stacks/index.js:14:17)  
at Logger._logHandler (/Applications/Cocos/Creator/3.8.1/CocosCreator.app/Contents/Resources/app.asar/node_modules/@base/electron-worker/static/script.ccc:1:531)  
at Logger.record (/Applications/Cocos/Creator/3.8.1/CocosCreator.app/Contents/Resources/app.asar/node_modules/@base/electron-logger/lib/renderer.ccc:1:458)  
at Object.error (/Applications/Cocos/Creator/3.8.1/CocosCreator.app/Contents/Resources/app.asar/node_modules/@base/electron-logger/lib/renderer.ccc:1:1414)  
at Object.error (/Applications/Cocos/Creator/3.8.1/CocosCreator.app/Contents/Resources/app.asar/builtin/asset-db/dist/worker/console.ccc:1:1429)  
at report (/Applications/Cocos/Creator/3.8.1/CocosCreator.app/Contents/Resources/app.asar/builtin/engine/dist/editor-extends/missing-reporter/missing-class-reporter.ccc:1:1393)  
at reportByWalker (/Applications/Cocos/Creator/3.8.1/CocosCreator.app/Contents/Resources/app.asar/builtin/engine/dist/editor-extends/missing-reporter/missing-class-reporter.ccc:1:1606)
