2022-04-11T13:18:36.752Z - normal: Load ~/.CocosCreator/settings.json
2022-04-11T13:18:36.803Z - normal: Initializing Asset Database
2022-04-11T13:18:36.805Z - normal: checking language setting...
2022-04-11T13:18:36.805Z - normal: Language: en
2022-04-11T13:18:37.437Z - success: preview server running at http://localhost:7456
2022-04-11T13:18:37.446Z - success: protocol editor-framework registered
2022-04-11T13:18:37.446Z - success: protocol app registered
2022-04-11T13:18:37.446Z - success: protocol theme registered
2022-04-11T13:18:37.446Z - success: protocol packages registered
2022-04-11T13:18:37.446Z - success: protocol uuid registerred
2022-04-11T13:18:37.447Z - success: protocol db registerred
2022-04-11T13:18:37.447Z - success: protocol thumbnail registerred
2022-04-11T13:18:37.447Z - success: protocol unpack registerred
2022-04-11T13:18:37.447Z - success: protocol disable-commonjs registerred
2022-04-11T13:18:38.552Z - normal: connected!
2022-04-11T13:18:38.553Z - normal: Check project /Users/fe-anhtu-fresher/Desktop/cocos/2048/2048-project
2022-04-11T13:18:38.555Z - normal: Initializing project /Users/fe-anhtu-fresher/Desktop/cocos/2048/2048-project
2022-04-11T13:18:38.892Z - normal: Initializing Cocos2d
2022-04-11T13:18:39.503Z - normal: Initializing engine extends
2022-04-11T13:18:39.529Z - success: alipay-adapter loaded
2022-04-11T13:18:39.536Z - success: asset-db-debugger loaded
2022-04-11T13:18:39.542Z - success: baidu-adapter loaded
2022-04-11T13:18:39.548Z - success: color-picker loaded
2022-04-11T13:18:39.680Z - success: fb-audience-network loaded
2022-04-11T13:18:39.728Z - success: fb-live-stream loaded
2022-04-11T13:18:39.731Z - success: google-play-instant loaded
2022-04-11T13:18:39.736Z - success: huawei-runtime loaded
2022-04-11T13:18:39.934Z - success: cpk-publish loaded
2022-04-11T13:18:39.935Z - success: jsb-adapter loaded
2022-04-11T13:18:39.940Z - success: oppo-runtime loaded
2022-04-11T13:18:39.945Z - success: package-manager loaded
2022-04-11T13:18:40.055Z - success: qqplay-adapter loaded
2022-04-11T13:18:40.057Z - success: runtime-dev-tools loaded
2022-04-11T13:18:40.080Z - success: sdkbox loaded
2022-04-11T13:18:40.085Z - success: tester loaded
2022-04-11T13:18:40.089Z - success: ui-kit-preview-extra loaded
2022-04-11T13:18:40.092Z - success: ui-kit-preview loaded
2022-04-11T13:18:40.094Z - success: ui-kit loaded
2022-04-11T13:18:40.100Z - success: vivo-runtime loaded
2022-04-11T13:18:40.101Z - success: weapp-adapter loaded
2022-04-11T13:18:40.102Z - success: xiaomi-adapter loaded
2022-04-11T13:18:40.105Z - success: alipay-minigame loaded
2022-04-11T13:18:40.139Z - success: assets loaded
2022-04-11T13:18:40.142Z - success: builder loaded
2022-04-11T13:18:40.374Z - success: cocos-services loaded
2022-04-11T13:18:40.378Z - success: console loaded
2022-04-11T13:18:40.406Z - success: fb-instant-games loaded
2022-04-11T13:18:40.410Z - success: game-window loaded
2022-04-11T13:18:40.411Z - success: google-instant-games loaded
2022-04-11T13:18:40.415Z - success: hierarchy loaded
2022-04-11T13:18:40.424Z - success: inspector loaded
2022-04-11T13:18:40.426Z - success: keystore loaded
2022-04-11T13:18:40.430Z - success: node-library loaded
2022-04-11T13:18:40.432Z - success: package-asset loaded
2022-04-11T13:18:40.433Z - success: preferences loaded
2022-04-11T13:18:40.436Z - success: project-exporter loaded
2022-04-11T13:18:40.440Z - success: project-importer loaded
2022-04-11T13:18:40.443Z - success: project-settings loaded
2022-04-11T13:18:40.448Z - success: scene loaded
2022-04-11T13:18:40.449Z - success: simulator-debugger loaded
2022-04-11T13:18:40.450Z - success: sprite-editor loaded
2022-04-11T13:18:40.455Z - success: store loaded
2022-04-11T13:18:40.462Z - success: timeline loaded
2022-04-11T13:18:40.466Z - success: xiaomi-runtime loaded
2022-04-11T13:18:42.319Z - normal: Loading packages
2022-04-11T13:18:42.324Z - normal: Watching packages
2022-04-11T13:18:42.331Z - info: Cocos Services load base data!
2022-04-11T13:18:42.414Z - normal: Run Application
2022-04-11T13:18:46.290Z - warn: Should not specify class name GameDirector for Component which defines in project.
2022-04-11T13:18:46.291Z - warn: Should not specify class name GameManager for Component which defines in project.
2022-04-11T13:18:46.293Z - warn: Should not specify class name GameTable for Component which defines in project.
2022-04-11T13:18:46.296Z - warn: Can not instantiate CCClass 'undefined' with arguments.
2022-04-11T13:29:42.591Z - warn: Should not specify class name GameDirector for Component which defines in project.
2022-04-11T13:29:42.593Z - warn: Should not specify class name GameManager for Component which defines in project.
2022-04-11T13:29:42.594Z - warn: Should not specify class name GameTable for Component which defines in project.
2022-04-11T13:29:42.598Z - warn: Can not instantiate CCClass 'undefined' with arguments.
2022-04-11T13:30:11.078Z - warn: Should not specify class name GameDirector for Component which defines in project.
2022-04-11T13:30:11.078Z - warn: Should not specify class name GameManager for Component which defines in project.
2022-04-11T13:30:11.079Z - warn: Should not specify class name GameTable for Component which defines in project.
2022-04-11T13:30:11.082Z - warn: Can not instantiate CCClass 'undefined' with arguments.
2022-04-11T13:33:24.458Z - warn: Should not specify class name GameDirector for Component which defines in project.
2022-04-11T13:33:24.459Z - warn: Should not specify class name GameManager for Component which defines in project.
2022-04-11T13:33:24.460Z - warn: Should not specify class name GameTable for Component which defines in project.
2022-04-11T13:33:24.462Z - warn: Can not instantiate CCClass 'undefined' with arguments.
2022-04-11T13:33:29.190Z - warn: Should not specify class name GameDirector for Component which defines in project.
2022-04-11T13:33:29.190Z - warn: Should not specify class name GameManager for Component which defines in project.
2022-04-11T13:33:29.191Z - warn: Should not specify class name GameTable for Component which defines in project.
2022-04-11T13:33:29.192Z - warn: Can not instantiate CCClass 'undefined' with arguments.
2022-04-11T13:38:09.134Z - warn: Should not specify class name GameControllerComponent for Component which defines in project.
2022-04-11T13:38:09.135Z - warn: Should not specify class name GameDirector for Component which defines in project.
2022-04-11T13:38:09.135Z - warn: Should not specify class name GameManager for Component which defines in project.
2022-04-11T13:38:09.136Z - warn: Should not specify class name GameTable for Component which defines in project.
2022-04-11T13:38:09.136Z - warn: Can not instantiate CCClass 'undefined' with arguments.
2022-04-11T13:38:57.981Z - info: Only the prefab node "TilePrefab" and its child nodes are saved.
2022-04-11T13:42:41.650Z - warn: Should not specify class name GameControllerComponent for Component which defines in project.
2022-04-11T13:42:41.651Z - warn: Should not specify class name GameDirector for Component which defines in project.
2022-04-11T13:42:41.651Z - warn: Should not specify class name GameManager for Component which defines in project.
2022-04-11T13:42:41.653Z - warn: Should not specify class name GameTable for Component which defines in project.
2022-04-11T13:42:41.655Z - warn: Can not instantiate CCClass 'undefined' with arguments.
2022-04-11T13:44:05.330Z - warn: Should not specify class name GameControllerComponent for Component which defines in project.
2022-04-11T13:44:05.331Z - warn: Should not specify class name GameDirector for Component which defines in project.
2022-04-11T13:44:05.331Z - warn: Should not specify class name GameManager for Component which defines in project.
2022-04-11T13:44:05.333Z - warn: Should not specify class name GameTable for Component which defines in project.
2022-04-11T13:44:05.337Z - warn: Can not instantiate CCClass 'undefined' with arguments.
2022-04-11T13:49:10.265Z - warn: Should not specify class name GameControllerComponent for Component which defines in project.
2022-04-11T13:49:10.266Z - warn: Should not specify class name GameDirector for Component which defines in project.
2022-04-11T13:49:10.266Z - warn: Should not specify class name GameManager for Component which defines in project.
2022-04-11T13:49:10.266Z - warn: Should not specify class name GameTable for Component which defines in project.
2022-04-11T13:49:10.267Z - warn: Can not instantiate CCClass 'undefined' with arguments.
2022-04-11T13:49:49.049Z - warn: Should not specify class name GameControllerComponent for Component which defines in project.
2022-04-11T13:49:49.049Z - warn: Should not specify class name GameDirector for Component which defines in project.
2022-04-11T13:49:49.050Z - warn: Should not specify class name GameManager for Component which defines in project.
2022-04-11T13:49:49.051Z - warn: Should not specify class name GameTable for Component which defines in project.
2022-04-11T13:49:49.052Z - warn: Can not instantiate CCClass 'undefined' with arguments.
2022-04-11T13:51:23.762Z - warn: Should not specify class name GameControllerComponent for Component which defines in project.
2022-04-11T13:51:23.763Z - warn: Should not specify class name GameDirector for Component which defines in project.
2022-04-11T13:51:23.763Z - warn: Should not specify class name GameManager for Component which defines in project.
2022-04-11T13:51:23.764Z - warn: Should not specify class name GameTable for Component which defines in project.
2022-04-11T13:51:23.766Z - warn: Can not instantiate CCClass 'undefined' with arguments.
2022-04-11T13:52:25.032Z - warn: Should not specify class name GameControllerComponent for Component which defines in project.
2022-04-11T13:52:25.032Z - warn: Should not specify class name GameDirector for Component which defines in project.
2022-04-11T13:52:25.032Z - warn: Should not specify class name GameManager for Component which defines in project.
2022-04-11T13:52:25.034Z - warn: Should not specify class name GameTable for Component which defines in project.
2022-04-11T13:52:25.036Z - warn: Can not instantiate CCClass 'undefined' with arguments.
2022-04-11T13:53:55.678Z - warn: Should not specify class name GameControllerComponent for Component which defines in project.
2022-04-11T13:53:55.680Z - warn: Should not specify class name GameDirector for Component which defines in project.
2022-04-11T13:53:55.680Z - warn: Should not specify class name GameManager for Component which defines in project.
2022-04-11T13:53:55.680Z - warn: Should not specify class name GameTable for Component which defines in project.
2022-04-11T13:53:55.682Z - warn: Can not instantiate CCClass 'undefined' with arguments.
2022-04-11T13:55:27.076Z - warn: Should not specify class name GameControllerComponent for Component which defines in project.
2022-04-11T13:55:27.077Z - warn: Should not specify class name GameDirector for Component which defines in project.
2022-04-11T13:55:27.077Z - warn: Should not specify class name GameManager for Component which defines in project.
2022-04-11T13:55:27.078Z - warn: Should not specify class name GameTable for Component which defines in project.
2022-04-11T13:55:27.081Z - warn: Can not instantiate CCClass 'undefined' with arguments.
2022-04-11T13:56:29.000Z - warn: Should not specify class name GameControllerComponent for Component which defines in project.
2022-04-11T13:56:29.000Z - warn: Should not specify class name GameDirector for Component which defines in project.
2022-04-11T13:56:29.001Z - warn: Should not specify class name GameManager for Component which defines in project.
2022-04-11T13:56:29.002Z - warn: Should not specify class name GameTable for Component which defines in project.
2022-04-11T13:56:29.003Z - warn: Can not instantiate CCClass 'undefined' with arguments.
